2020/04/08 14:46:03 PM function.py[line:297] WARNING 除数为零: _diffTime=0.0
2020/04/08 14:46:04 PM function.py[line:297] WARNING 除数为零: _diffTime=0.0
2020/04/08 14:46:05 PM function.py[line:297] WARNING 除数为零: _diffTime=0.0
2020/04/08 14:46:06 PM function.py[line:297] WARNING 除数为零: _diffTime=0.0
2020/04/08 14:46:06 PM function.py[line:297] WARNING 除数为零: _diffTime=0.0
2020/04/08 14:46:07 PM function.py[line:297] WARNING 除数为零: _diffTime=0.0
2020/04/08 14:46:08 PM function.py[line:297] WARNING 除数为零: _diffTime=0.0
2020/04/08 14:46:09 PM function.py[line:297] WARNING 除数为零: _diffTime=0.0
2020/04/08 14:46:10 PM function.py[line:297] WARNING 除数为零: _diffTime=0.0
2020/04/08 14:46:11 PM function.py[line:297] WARNING 除数为零: _diffTime=0.0
2020/04/08 14:46:12 PM function.py[line:297] WARNING 除数为零: _diffTime=0.0
2020/04/08 14:46:13 PM function.py[line:297] WARNING 除数为零: _diffTime=0.0
2020/04/08 14:46:14 PM function.py[line:297] WARNING 除数为零: _diffTime=0.0
2020/04/08 14:46:15 PM function.py[line:297] WARNING 除数为零: _diffTime=0.0
2020/04/08 14:46:16 PM function.py[line:297] WARNING 除数为零: _diffTime=0.0
2020/04/08 14:46:17 PM function.py[line:297] WARNING 除数为零: _diffTime=0.0
2020/04/08 14:46:18 PM function.py[line:297] WARNING 除数为零: _diffTime=0.0
2020/04/08 14:46:19 PM function.py[line:297] WARNING 除数为零: _diffTime=0.0
2020/04/08 14:46:20 PM function.py[line:297] WARNING 除数为零: _diffTime=0.0
2020/04/08 14:46:21 PM function.py[line:297] WARNING 除数为零: _diffTime=0.0
2020/04/08 14:47:13 PM function.py[line:297] WARNING 除数为零: _diffTime=0.0
2020/04/08 14:47:13 PM cpu_m.py[line:107] WARNING 差值为负数或零, 结果归零: diffTotal=0.0, diffValue = 0.0
2020/04/08 14:47:14 PM cpu_m.py[line:107] WARNING 差值为负数或零, 结果归零: diffTotal=0.0, diffValue = 0.0
2020/04/08 14:47:15 PM function.py[line:297] WARNING 除数为零: _diffTime=0.0
2020/04/08 14:47:15 PM cpu_m.py[line:107] WARNING 差值为负数或零, 结果归零: diffTotal=0.0, diffValue = 0.0
2020/04/08 14:47:16 PM cpu_m.py[line:107] WARNING 差值为负数或零, 结果归零: diffTotal=0.0, diffValue = 0.0
2020/04/08 14:47:17 PM function.py[line:297] WARNING 除数为零: _diffTime=0.0
2020/04/08 14:47:17 PM cpu_m.py[line:107] WARNING 差值为负数或零, 结果归零: diffTotal=0.0, diffValue = 0.0
2020/04/08 14:47:18 PM cpu_m.py[line:107] WARNING 差值为负数或零, 结果归零: diffTotal=0.0, diffValue = 0.0
2020/04/08 14:47:18 PM function.py[line:297] WARNING 除数为零: _diffTime=0.0
2020/04/08 14:47:19 PM cpu_m.py[line:107] WARNING 差值为负数或零, 结果归零: diffTotal=0.0, diffValue = 0.0
2020/04/08 14:47:20 PM function.py[line:297] WARNING 除数为零: _diffTime=0.0
2020/04/08 14:47:20 PM cpu_m.py[line:107] WARNING 差值为负数或零, 结果归零: diffTotal=0.0, diffValue = 0.0
2020/04/08 14:47:22 PM cpu_m.py[line:107] WARNING 差值为负数或零, 结果归零: diffTotal=0.0, diffValue = 0.0
2020/04/08 14:47:22 PM function.py[line:297] WARNING 除数为零: _diffTime=0.0
2020/04/08 14:47:22 PM cpu_m.py[line:107] WARNING 差值为负数或零, 结果归零: diffTotal=0.0, diffValue = 0.0
2020/04/08 14:47:22 PM mysql_m.py[line:100] WARNING 除数为零或获值失败: diffQ=0.0, diffTm = 0.0
2020/04/08 14:47:23 PM function.py[line:297] WARNING 除数为零: _diffTime=0.0
2020/04/08 14:47:24 PM mysql_m.py[line:166] WARNING 除数为零或获值失败: diffSl=0.0, diffQH=0.0, diffTm = 0.0
2020/04/08 14:47:25 PM function.py[line:297] WARNING 除数为零: _diffTime=0.0
2020/04/08 14:47:27 PM function.py[line:297] WARNING 除数为零: _diffTime=0.0
2020/04/08 14:47:27 PM mysql_m.py[line:220] WARNING 除数为零或获值失败: diffSQ=0.0, diffTm = 0.0
2020/04/08 14:47:32 PM mysql_m.py[line:241] WARNING 除数为零或获值失败: diffCTDT=0.0, diffTm = 0.0
2020/04/08 14:47:33 PM mysql_m.py[line:139] WARNING 除数为零或获值失败: diffIn=0.0, diffDe=0.0, diffUp=0.0, diffRe=0.0, diffTm=0.0
2020/04/08 14:47:36 PM function.py[line:297] WARNING 除数为零: _diffTime=0.0
2020/04/08 14:47:38 PM function.py[line:297] WARNING 除数为零: _diffTime=0.0
2020/04/08 14:47:40 PM function.py[line:297] WARNING 除数为零: _diffTime=0.0
2020/04/08 14:47:42 PM function.py[line:297] WARNING 除数为零: _diffTime=0.0
2020/04/08 14:47:43 PM function.py[line:297] WARNING 除数为零: _diffTime=0.0
2020/04/08 14:47:44 PM function.py[line:297] WARNING 除数为零: _diffTime=0.0
